Picked up JAVA_TOOL_OPTIONS: -javaagent:/jmx-agent/jmx_prometheus_javaagent-0.20.0.jar=9010:/config/jmx-config.yaml
. ____ _ __ _ _
/\\ / ___'_ __ _ _(_)_ __ __ _ \ \ \ \
( ( )\___ | '_ | '_| | '_ \/ _` | \ \ \ \
\\/ ___)| |_)| | | | | || (_| | ) ) ) )
' |____| .__|_| |_|_| |_\__, | / / / /
=========|_|==============|___/=/_/_/_/
:: Spring Boot :: (v3.2.5)
2025-07-22T02:31:10.020Z INFO 1 --- [ main] com.example.HelloAppApplication : Starting HelloAppApplication v0.0.1-SNAPSHOT using Java 17.0.15 with PID 1 (/app/app.jar started by 2010010000 in /app)
2025-07-22T02:31:10.024Z INFO 1 --- [ main] com.example.HelloAppApplication : No active profile set, falling back to 1 default profile: "default"
2025-07-22T02:31:17.031Z INFO 1 --- [ main] o.s.b.w.embedded.tomcat.TomcatWebServer : Tomcat initialized with port 8080 (http)
2025-07-22T02:31:17.120Z INFO 1 --- [ main] o.apache.catalina.core.StandardService : Starting service [Tomcat]
2025-07-22T02:31:17.121Z INFO 1 --- [ main] o.apache.catalina.core.StandardEngine : Starting Servlet engine: [Apache Tomcat/10.1.20]
2025-07-22T02:31:17.612Z INFO 1 --- [ main] o.a.c.c.C.[Tomcat].[localhost].[/] : Initializing Spring embedded WebApplicationContext
2025-07-22T02:31:17.613Z INFO 1 --- [ main] w.s.c.ServletWebServerApplicationContext : Root WebApplicationContext: initialization completed in 7300 ms
2025-07-22T02:31:21.114Z INFO 1 --- [ main] o.s.b.a.e.web.EndpointLinksResolver : Exposing 1 endpoint(s) beneath base path '/actuator'
2025-07-22T02:31:21.410Z INFO 1 --- [ main] o.s.b.w.embedded.tomcat.TomcatWebServer : Tomcat started on port 8080 (http) with context path ''
2025-07-22T02:31:21.428Z INFO 1 --- [ main] com.example.HelloAppApplication : Started HelloAppApplication in 13.316 seconds (process running for 15.996)
2025-07-22T02:31:26.829Z INFO 1 --- [nio-8080-exec-1] o.a.c.c.C.[Tomcat].[localhost].[/] : Initializing Spring DispatcherServlet 'dispatcherServlet'
2025-07-22T02:31:26.829Z INFO 1 --- [nio-8080-exec-1] o.s.web.servlet.DispatcherServlet : Initializing Servlet 'dispatcherServlet'
2025-07-22T02:31:26.831Z INFO 1 --- [nio-8080-exec-1] o.s.web.servlet.DispatcherServlet : Completed initialization in 1 ms
💥 Simulating lock contention...